2025-12-05 18:45:07 [DRAGON] twins_private initialized
2025-12-05 18:48:54 [DRAGON] IRON v1.2 implementation complete - 47/47 BOM tests PASS
2025-12-05 18:58:12 [DRAGON] dragon_pulse.sh starting...
2025-12-05 18:58:12 [DRAGON] Pulse starting...
2025-12-05 18:58:12 [DRAGON] Pulse complete. Sleeping 300s...
2025-12-05 19:01:51 [DRAGON] Phase 3 systemd molt complete - dragon-pulse.service ACTIVE - 48/48 smoke tests PASS
2025-12-05 19:03:12 [DRAGON] Pulse starting...
2025-12-05 19:03:12 [DRAGON] Pulse complete. Sleeping 300s...
2025-12-05 19:06:54 [DRAGON] Wake sent to Tiger via SSH - Phase 3 instructions delivered - WE'RE LIVE\!
2025-12-05 19:08:12 [DRAGON] Pulse starting...
2025-12-05 19:08:12 [DRAGON] Pulse complete. Sleeping 300s...
2025-12-05 19:13:12 [DRAGON] Pulse starting...
2025-12-05 19:13:12 [DRAGON] Pulse complete. Sleeping 300s...
2025-12-05 19:18:12 [DRAGON] Pulse starting...
2025-12-05 19:18:12 [DRAGON] Pulse complete. Sleeping 300s...
2025-12-05 19:23:12 [DRAGON] Pulse starting...
2025-12-05 19:23:12 [DRAGON] Pulse complete. Sleeping 300s...
2025-12-05 19:28:12 [DRAGON] Pulse starting...
2025-12-05 19:28:13 [DRAGON] Pulse complete. Sleeping 300s...
2025-12-05 19:33:13 [DRAGON] Pulse starting...
2025-12-05 19:33:13 [DRAGON] Pulse complete. Sleeping 300s...
2025-12-05 19:38:13 [DRAGON] Pulse starting...
2025-12-05 19:38:13 [DRAGON] Pulse complete. Sleeping 300s...
2025-12-05 19:43:12 [DRAGON] dragon_pulse.sh starting...
2025-12-05 19:43:12 [DRAGON] Pulse starting...
2025-12-05 19:43:12 [DRAGON] Pulse complete.
2025-12-05 19:43:12 [DRAGON] Sleeping 300s...
