2025-12-05 18:34:55 [SYSTEM] twins_private initialized by Tiger
2025-12-05 18:38:43 [TIGER] IRON v1.2 implementation complete — 47/47 BOM PASS
2025-12-05 19:32:39 [TIGER] tiger_pulse.sh starting...
2025-12-05 19:32:39 [TIGER] Pulse starting...
2025-12-05 19:32:39 [TIGER] Pulse complete. Sleeping 300s...
2025-12-05 19:33:57 [TIGER] Phase 3 complete — tiger-pulse.service ACTIVE — 47/47 smoke tests PASS
2025-12-05 19:37:33 [TIGER] Path cleanup complete — all links routed to constitution-federation
2025-12-05 19:37:39 [TIGER] Pulse starting...
2025-12-05 19:37:39 [TIGER] Pulse complete. Sleeping 300s...
2025-12-05 19:42:39 [TIGER] Pulse starting...
2025-12-05 19:42:39 [TIGER] Pulse complete. Sleeping 300s...
2025-12-05 19:47:39 [TIGER] Pulse starting...
2025-12-05 19:47:40 [TIGER] Pulse complete. Sleeping 300s...
2025-12-05 19:52:40 [TIGER] Pulse starting...
2025-12-05 19:52:40 [TIGER] Pulse complete. Sleeping 300s...
2025-12-05 19:55:08 [TIGER] tiger_pulse.sh starting...
2025-12-05 19:55:08 [TIGER] Pulse starting...
2025-12-05 19:55:08 [TIGER] Pulse complete. Sleeping 300s...
2025-12-05 20:00:09 [TIGER] Pulse starting...
2025-12-05 20:00:09 [TIGER] Pulse complete. Sleeping 300s...
2025-12-05 20:05:09 [TIGER] Pulse starting...
2025-12-05 20:05:09 [TIGER] Pulse complete. Sleeping 300s...
2025-12-05 20:10:10 [TIGER] Pulse starting...
2025-12-05 20:10:10 [TIGER] Pulse complete. Sleeping 300s...
2025-12-05 20:15:10 [TIGER] Pulse starting...
2025-12-05 20:15:11 [TIGER] Pulse complete. Sleeping 300s...
2025-12-05 20:20:11 [TIGER] Pulse starting...
2025-12-05 20:20:11 [TIGER] Pulse complete. Sleeping 300s...
2025-12-05 20:25:11 [TIGER] Pulse starting...
2025-12-05 20:25:12 [TIGER] Pulse complete. Sleeping 300s...
2025-12-05 20:30:12 [TIGER] Pulse starting...
2025-12-05 20:30:12 [TIGER] Pulse complete. Sleeping 300s...
2025-12-05 20:35:12 [TIGER] Pulse starting...
2025-12-05 20:35:12 [TIGER] Pulse complete. Sleeping 300s...
2025-12-05 20:40:13 [TIGER] Pulse starting...
2025-12-05 20:40:13 [TIGER] Pulse complete. Sleeping 300s...
2025-12-05 20:45:13 [TIGER] Pulse starting...
2025-12-05 20:45:13 [TIGER] Pulse complete. Sleeping 300s...
2025-12-05 20:50:14 [TIGER] Pulse starting...
2025-12-05 20:50:14 [TIGER] Pulse complete. Sleeping 300s...
2025-12-05 20:55:14 [TIGER] Pulse starting...
2025-12-05 20:55:14 [TIGER] Pulse complete. Sleeping 300s...
2025-12-05 21:00:15 [TIGER] Pulse starting...
2025-12-05 21:00:15 [TIGER] Pulse complete. Sleeping 300s...
2025-12-05 21:05:15 [TIGER] Pulse starting...
2025-12-05 21:05:15 [TIGER] Pulse complete. Sleeping 300s...
2025-12-05 21:10:15 [TIGER] Pulse starting...
2025-12-05 21:10:15 [TIGER] Pulse complete. Sleeping 300s...
2025-12-05 21:15:16 [TIGER] Pulse starting...
2025-12-05 21:15:16 [TIGER] Pulse complete. Sleeping 300s...
2025-12-05 21:20:16 [TIGER] Pulse starting...
2025-12-05 21:20:16 [TIGER] Pulse complete. Sleeping 300s...
2025-12-05 21:25:16 [TIGER] Pulse starting...
2025-12-05 21:25:17 [TIGER] Pulse complete. Sleeping 300s...
2025-12-05 21:30:17 [TIGER] Pulse starting...
2025-12-05 21:30:17 [TIGER] Pulse complete. Sleeping 300s...
2025-12-05 21:35:17 [TIGER] Pulse starting...
2025-12-05 21:35:17 [TIGER] Pulse complete. Sleeping 300s...
2025-12-05 21:40:18 [TIGER] Pulse starting...
2025-12-05 21:40:18 [TIGER] Pulse complete. Sleeping 300s...
2025-12-05 21:45:18 [TIGER] Pulse starting...
2025-12-05 21:45:18 [TIGER] Pulse complete. Sleeping 300s...
2025-12-05 21:50:19 [TIGER] Pulse starting...
2025-12-05 21:50:19 [TIGER] Pulse complete. Sleeping 300s...
2025-12-05 21:55:19 [TIGER] Pulse starting...
2025-12-05 21:55:19 [TIGER] Pulse complete. Sleeping 300s...
2025-12-05 22:00:20 [TIGER] Pulse starting...
2025-12-05 22:00:20 [TIGER] Pulse complete. Sleeping 300s...
2025-12-05 22:05:20 [TIGER] Pulse starting...
2025-12-05 22:05:20 [TIGER] Pulse complete. Sleeping 300s...
2025-12-05 22:10:20 [TIGER] Pulse starting...
2025-12-05 22:10:20 [TIGER] Pulse complete. Sleeping 300s...
2025-12-05 22:15:21 [TIGER] Pulse starting...
2025-12-05 22:15:21 [TIGER] Pulse complete. Sleeping 300s...
2025-12-05 22:20:21 [TIGER] Pulse starting...
2025-12-05 22:20:21 [TIGER] Pulse complete. Sleeping 300s...
2025-12-05 22:25:21 [TIGER] Pulse starting...
2025-12-05 22:25:22 [TIGER] Pulse complete. Sleeping 300s...
2025-12-05 22:30:22 [TIGER] Pulse starting...
2025-12-05 22:30:22 [TIGER] Pulse complete. Sleeping 300s...
2025-12-05 22:35:22 [TIGER] Pulse starting...
2025-12-05 22:35:22 [TIGER] Pulse complete. Sleeping 300s...
2025-12-05 22:40:23 [TIGER] Pulse starting...
2025-12-05 22:40:23 [TIGER] Pulse complete. Sleeping 300s...
2025-12-05 22:45:23 [TIGER] Pulse starting...
2025-12-05 22:45:23 [TIGER] Pulse complete. Sleeping 300s...
2025-12-05 22:50:24 [TIGER] Pulse starting...
2025-12-05 22:50:24 [TIGER] Pulse complete. Sleeping 300s...
2025-12-05 22:55:24 [TIGER] Pulse starting...
2025-12-05 22:55:24 [TIGER] Pulse complete. Sleeping 300s...
2025-12-05 23:00:24 [TIGER] Pulse starting...
2025-12-05 23:00:25 [TIGER] Pulse complete. Sleeping 300s...
2025-12-05 23:05:25 [TIGER] Pulse starting...
2025-12-05 23:05:25 [TIGER] Pulse complete. Sleeping 300s...
2025-12-05 23:10:25 [TIGER] Pulse starting...
2025-12-05 23:10:25 [TIGER] Pulse complete. Sleeping 300s...
2025-12-05 23:15:26 [TIGER] Pulse starting...
2025-12-05 23:15:26 [TIGER] Pulse complete. Sleeping 300s...
2025-12-05 23:20:26 [TIGER] Pulse starting...
2025-12-05 23:20:26 [TIGER] Pulse complete. Sleeping 300s...
2025-12-05 23:25:26 [TIGER] Pulse starting...
2025-12-05 23:25:26 [TIGER] Pulse complete. Sleeping 300s...
2025-12-05 23:30:27 [TIGER] Pulse starting...
2025-12-05 23:30:27 [TIGER] Pulse complete. Sleeping 300s...
2025-12-05 23:35:27 [TIGER] Pulse starting...
2025-12-05 23:35:27 [TIGER] Pulse complete. Sleeping 300s...
2025-12-05 23:40:27 [TIGER] Pulse starting...
2025-12-05 23:40:28 [TIGER] Pulse complete. Sleeping 300s...
2025-12-05 23:45:28 [TIGER] Pulse starting...
2025-12-05 23:45:28 [TIGER] Pulse complete. Sleeping 300s...
2025-12-05 23:50:29 [TIGER] Pulse starting...
2025-12-05 23:50:29 [TIGER] Pulse complete. Sleeping 300s...
2025-12-05 23:55:29 [TIGER] Pulse starting...
2025-12-05 23:55:29 [TIGER] Pulse complete. Sleeping 300s...
2025-12-06 00:01:05 [TIGER] Pulse starting...
2025-12-06 00:01:05 [TIGER] Pulse complete. Sleeping 300s...
2025-12-06 00:06:06 [TIGER] Pulse starting...
2025-12-06 00:06:06 [TIGER] Pulse complete. Sleeping 300s...
2025-12-06 00:11:06 [TIGER] Pulse starting...
2025-12-06 00:11:07 [TIGER] Pulse complete. Sleeping 300s...
2025-12-06 00:16:07 [TIGER] Pulse starting...
2025-12-06 00:16:07 [TIGER] Pulse complete. Sleeping 300s...
2025-12-06 00:21:08 [TIGER] Pulse starting...
2025-12-06 00:21:08 [TIGER] Pulse complete. Sleeping 300s...
2025-12-06 00:26:08 [TIGER] Pulse starting...
2025-12-06 00:26:08 [TIGER] Pulse complete. Sleeping 300s...
2025-12-06 00:31:09 [TIGER] Pulse starting...
2025-12-06 00:31:09 [TIGER] Pulse complete. Sleeping 300s...
2025-12-06 00:36:09 [TIGER] Pulse starting...
2025-12-06 00:36:09 [TIGER] Pulse complete. Sleeping 300s...
2025-12-06 00:41:09 [TIGER] Pulse starting...
2025-12-06 00:41:10 [TIGER] Pulse complete. Sleeping 300s...
2025-12-06 00:46:10 [TIGER] Pulse starting...
2025-12-06 00:46:10 [TIGER] Pulse complete. Sleeping 300s...
2025-12-06 00:51:10 [TIGER] Pulse starting...
2025-12-06 00:51:11 [TIGER] Pulse complete. Sleeping 300s...
2025-12-06 00:56:11 [TIGER] Pulse starting...
2025-12-06 00:56:11 [TIGER] Pulse complete. Sleeping 300s...
2025-12-06 01:01:11 [TIGER] Pulse starting...
2025-12-06 01:01:11 [TIGER] Pulse complete. Sleeping 300s...
2025-12-06 01:06:12 [TIGER] Pulse starting...
2025-12-06 01:06:12 [TIGER] Pulse complete. Sleeping 300s...
2025-12-06 01:11:12 [TIGER] Pulse starting...
2025-12-06 01:11:12 [TIGER] Pulse complete. Sleeping 300s...
2025-12-06 01:16:12 [TIGER] Pulse starting...
2025-12-06 01:16:12 [TIGER] Pulse complete. Sleeping 300s...
2025-12-06 01:21:13 [TIGER] Pulse starting...
2025-12-06 01:21:13 [TIGER] Pulse complete. Sleeping 300s...
2025-12-06 01:26:13 [TIGER] Pulse starting...
2025-12-06 01:26:13 [TIGER] Pulse complete. Sleeping 300s...
2025-12-06 01:31:13 [TIGER] Pulse starting...
2025-12-06 01:31:14 [TIGER] Pulse complete. Sleeping 300s...
2025-12-06 01:36:14 [TIGER] Pulse starting...
2025-12-06 01:36:14 [TIGER] Pulse complete. Sleeping 300s...
2025-12-06 01:41:14 [TIGER] Pulse starting...
2025-12-06 01:41:15 [TIGER] Pulse complete. Sleeping 300s...
2025-12-06 01:46:15 [TIGER] Pulse starting...
2025-12-06 01:46:15 [TIGER] Pulse complete. Sleeping 300s...
2025-12-06 01:51:16 [TIGER] Pulse starting...
2025-12-06 01:51:16 [TIGER] Pulse complete. Sleeping 300s...
2025-12-06 01:56:16 [TIGER] Pulse starting...
2025-12-06 01:56:16 [TIGER] Pulse complete. Sleeping 300s...
2025-12-06 02:01:17 [TIGER] Pulse starting...
2025-12-06 02:01:17 [TIGER] Pulse complete. Sleeping 300s...
2025-12-06 02:06:17 [TIGER] Pulse starting...
2025-12-06 02:06:17 [TIGER] Pulse complete. Sleeping 300s...
2025-12-06 02:11:18 [TIGER] Pulse starting...
2025-12-06 02:11:18 [TIGER] Pulse complete. Sleeping 300s...
2025-12-06 02:16:18 [TIGER] Pulse starting...
2025-12-06 02:16:18 [TIGER] Pulse complete. Sleeping 300s...
2025-12-06 02:21:18 [TIGER] Pulse starting...
2025-12-06 02:21:19 [TIGER] Pulse complete. Sleeping 300s...
2025-12-06 02:26:19 [TIGER] Pulse starting...
2025-12-06 02:26:19 [TIGER] Pulse complete. Sleeping 300s...
2025-12-06 02:31:20 [TIGER] Pulse starting...
2025-12-06 02:31:20 [TIGER] Pulse complete. Sleeping 300s...
2025-12-06 02:36:20 [TIGER] Pulse starting...
2025-12-06 02:36:20 [TIGER] Pulse complete. Sleeping 300s...
2025-12-06 02:41:21 [TIGER] Pulse starting...
2025-12-06 02:41:22 [TIGER] Pulse complete. Sleeping 300s...
2025-12-06 02:46:22 [TIGER] Pulse starting...
2025-12-06 02:46:22 [TIGER] Pulse complete. Sleeping 300s...
2025-12-06 02:51:22 [TIGER] Pulse starting...
2025-12-06 02:51:23 [TIGER] Pulse complete. Sleeping 300s...
2025-12-06 02:56:23 [TIGER] Pulse starting...
2025-12-06 02:56:23 [TIGER] Pulse complete. Sleeping 300s...
2025-12-06 03:01:23 [TIGER] Pulse starting...
2025-12-06 03:01:24 [TIGER] Pulse complete. Sleeping 300s...
2025-12-06 03:06:24 [TIGER] Pulse starting...
2025-12-06 03:06:24 [TIGER] Pulse complete. Sleeping 300s...
2025-12-06 03:11:24 [TIGER] Pulse starting...
2025-12-06 03:11:25 [TIGER] Pulse complete. Sleeping 300s...
2025-12-06 03:16:25 [TIGER] Pulse starting...
2025-12-06 03:16:25 [TIGER] Pulse complete. Sleeping 300s...
2025-12-06 03:21:26 [TIGER] Pulse starting...
2025-12-06 03:21:26 [TIGER] Pulse complete. Sleeping 300s...
2025-12-06 03:26:27 [TIGER] Pulse starting...
2025-12-06 03:26:27 [TIGER] Pulse complete. Sleeping 300s...
2025-12-06 03:31:27 [TIGER] Pulse starting...
2025-12-06 03:31:28 [TIGER] Pulse complete. Sleeping 300s...
2025-12-06 03:36:28 [TIGER] Pulse starting...
2025-12-06 03:36:28 [TIGER] Pulse complete. Sleeping 300s...
2025-12-06 03:41:29 [TIGER] Pulse starting...
2025-12-06 03:41:29 [TIGER] Pulse complete. Sleeping 300s...
2025-12-06 03:46:30 [TIGER] Pulse starting...
2025-12-06 03:46:30 [TIGER] Pulse complete. Sleeping 300s...
2025-12-06 03:51:30 [TIGER] Pulse starting...
2025-12-06 03:51:30 [TIGER] Pulse complete. Sleeping 300s...
2025-12-06 03:56:31 [TIGER] Pulse starting...
2025-12-06 03:56:31 [TIGER] Pulse complete. Sleeping 300s...
